<?xml version="1.0" encoding="utf-8" ?><test-results name="Quality Excites demo app" total="14" failures="0" not-run="0" date="2014-05-26" time="12:41:24"><test-suite name="my app" executed="true" success="true" time="3.1"><results><test-suite name="home" executed="true" success="true" time="0.763"><results><test-case name="should render home when user navigates to /home" executed="true" success="true" time="0.763"></test-case></results></test-suite><test-suite name="filter" executed="true" success="true" time="0.632"><results><test-case name="should render filter when user navigates to /filter" executed="true" success="true" time="0.632"></test-case></results></test-suite><test-case name="should automatically redirect to /home when location hash/fragment is empty" executed="true" success="true" time="1.175"></test-case><test-case name="should automatically redirect to /home when location hash/gragment in incorrect" executed="true" success="true" time="0.53"></test-case></results></test-suite><test-suite name="filter" executed="true" success="true" time="7.46"><results><test-case name="should present proper number of elements" executed="true" success="true" time="3.266"></test-case><test-case name="should present proper elements" executed="true" success="true" time="4.194"></test-case></results></test-suite><test-suite name="async bars" executed="true" success="true" time="9.577"><results><test-case name="should contain bar with id bar_6" executed="true" success="true" time="9.577"></test-case></results></test-suite><test-suite name="calc" executed="true" success="true" time="23.642"><results><test-case name="should calculate multiplication (with &amp;quot;multiplication table&amp;quot; using 5, 5)" executed="true" success="true" time="2.948"></test-case><test-case name="should calculate multiplication (with &amp;quot;multiplication table&amp;quot; using 5, 6)" executed="true" success="true" time="3.321"></test-case><test-case name="should calculate multiplication (with &amp;quot;multiplication table&amp;quot; using 5, 7)" executed="true" success="true" time="3.494"></test-case><test-case name="should calculate multiplication (with &amp;quot;multiplication table&amp;quot; using 6, 5)" executed="true" success="true" time="3.166"></test-case><test-case name="should calculate multiplication (with &amp;quot;multiplication table&amp;quot; using 6, 6)" executed="true" success="true" time="3.243"></test-case><test-case name="should calculate multiplication (with &amp;quot;multiplication table&amp;quot; using 6, 7)" executed="true" success="true" time="3.072"></test-case><test-case name="should calculate equation" executed="true" success="true" time="4.398"></test-case></results></test-suite></test-results>